<?xml version="1.0" encoding="UTF-8"?>
<testsuite name="com.jojoldu.book.springboot.web.HelloControllerTest" tests="2" skipped="0" failures="0" errors="0" timestamp="2024-01-20T19:03:58" hostname="DESKTOP-JGKAIS8" time="0.097">
  <properties/>
  <testcase name="hello가_리턴된다" classname="com.jojoldu.book.springboot.web.HelloControllerTest" time="0.045"/>
  <testcase name="helloDto가_리턴된다" classname="com.jojoldu.book.springboot.web.HelloControllerTest" time="0.051"/>
  <system-out><![CDATA[2024-01-21 04:03:58.030  INFO 23124 --- [    Test worker] .b.t.a.w.s.WebMvcTestContextBootstrapper : Neither @ContextConfiguration nor @ContextHierarchy found for test class [com.jojoldu.book.springboot.web.HelloControllerTest], using SpringBootContextLoader
2024-01-21 04:03:58.031  INFO 23124 --- [    Test worker] o.s.t.c.support.AbstractContextLoader    : Could not detect default resource locations for test class [com.jojoldu.book.springboot.web.HelloControllerTest]: no resource found for suffixes {-context.xml, Context.groovy}.
2024-01-21 04:03:58.031  INFO 23124 --- [    Test worker] t.c.s.AnnotationConfigContextLoaderUtils : Could not detect default configuration classes for test class [com.jojoldu.book.springboot.web.HelloControllerTest]: HelloControllerTest does not declare any static, non-private, non-final, nested classes annotated with @Configuration.
2024-01-21 04:03:58.049  INFO 23124 --- [    Test worker] .b.t.c.SpringBootTestContextBootstrapper : Found @SpringBootConfiguration com.jojoldu.book.springboot.Application for test class com.jojoldu.book.springboot.web.HelloControllerTest
2024-01-21 04:03:58.049  INFO 23124 --- [    Test worker] .b.t.a.w.s.WebMvcTestContextBootstrapper : Loaded default TestExecutionListener class names from location [META-INF/spring.factories]: [org.springframework.security.test.context.support.WithSecurityContextTestExecutionListener, org.springframework.security.test.context.support.ReactorContextTestExecutionListener, org.springframework.boot.test.autoconfigure.restdocs.RestDocsTestExecutionListener, org.springframework.boot.test.autoconfigure.web.client.MockRestServiceServerResetTestExecutionListener, org.springframework.boot.test.autoconfigure.web.servlet.MockMvcPrintOnlyOnFailureTestExecutionListener, org.springframework.boot.test.autoconfigure.web.servlet.WebDriverTestExecutionListener, org.springframework.boot.test.mock.mockito.MockitoTestExecutionListener, org.springframework.boot.test.mock.mockito.ResetMocksTestExecutionListener, org.springframework.test.context.web.ServletTestExecutionListener, org.springframework.test.context.support.DirtiesContextBeforeModesTestExecutionListener, org.springframework.test.context.support.DependencyInjectionTestExecutionListener, org.springframework.test.context.support.DirtiesContextTestExecutionListener, org.springframework.test.context.transaction.TransactionalTestExecutionListener, org.springframework.test.context.jdbc.SqlScriptsTestExecutionListener]
2024-01-21 04:03:58.050  INFO 23124 --- [    Test worker] .b.t.a.w.s.WebMvcTestContextBootstrapper : Using TestExecutionListeners: [org.springframework.test.context.web.ServletTestExecutionListener@6aac0b48, org.springframework.test.context.support.DirtiesContextBeforeModesTestExecutionListener@66742d51, org.springframework.boot.test.mock.mockito.MockitoTestExecutionListener@c6472ac, org.springframework.boot.test.autoconfigure.SpringBootDependencyInjectionTestExecutionListener@2ab1907a, org.springframework.test.context.support.DirtiesContextTestExecutionListener@20cd282f, org.springframework.test.context.transaction.TransactionalTestExecutionListener@679487c2, org.springframework.test.context.jdbc.SqlScriptsTestExecutionListener@48ca788e, org.springframework.security.test.context.support.WithSecurityContextTestExecutionListener@6e5e03ad, org.springframework.security.test.context.support.ReactorContextTestExecutionListener@271bc219, org.springframework.boot.test.autoconfigure.restdocs.RestDocsTestExecutionListener@64f2fbaf, org.springframework.boot.test.autoconfigure.web.client.MockRestServiceServerResetTestExecutionListener@7fe7f1b7, org.springframework.boot.test.autoconfigure.web.servlet.MockMvcPrintOnlyOnFailureTestExecutionListener@61bad68d, org.springframework.boot.test.autoconfigure.web.servlet.WebDriverTestExecutionListener@1848dba9, org.springframework.boot.test.mock.mockito.ResetMocksTestExecutionListener@6b94648c]

  .   ____          _            __ _ _
 /\\ / ___'_ __ _ _(_)_ __  __ _ \ \ \ \
( ( )\___ | '_ | '_| | '_ \/ _` | \ \ \ \
 \\/  ___)| |_)| | | | | || (_| |  ) ) ) )
  '  |____| .__|_| |_|_| |_\__, | / / / /
 =========|_|==============|___/=/_/_/_/
 :: Spring Boot ::        (v2.1.9.RELEASE)

2024-01-21 04:03:58.071  INFO 23124 --- [    Test worker] c.j.b.s.web.HelloControllerTest          : Starting HelloControllerTest on DESKTOP-JGKAIS8 with PID 23124 (started by jghdesktop in C:\Users\jghdesktop\IdeaProjects\freelec-springboot2-webservice)
2024-01-21 04:03:58.071  INFO 23124 --- [    Test worker] c.j.b.s.web.HelloControllerTest          : No active profile set, falling back to default profiles: default
2024-01-21 04:03:58.371  INFO 23124 --- [    Test worker] o.s.s.concurrent.ThreadPoolTaskExecutor  : Initializing ExecutorService 'applicationTaskExecutor'
2024-01-21 04:03:58.389  INFO 23124 --- [    Test worker] o.s.b.a.w.s.WelcomePageHandlerMapping    : Adding welcome page template: index
2024-01-21 04:03:58.505  INFO 23124 --- [    Test worker] .s.s.UserDetailsServiceAutoConfiguration : 

Using generated security password: cc6bfb1d-49e8-417a-9dee-a553a6186c02

2024-01-21 04:03:58.575  INFO 23124 --- [    Test worker] o.s.s.web.DefaultSecurityFilterChain     : Creating filter chain: any request, [org.springframework.security.web.context.request.async.WebAsyncManagerIntegrationFilter@3e5d4d54, org.springframework.security.web.context.SecurityContextPersistenceFilter@2f9f59cb, org.springframework.security.web.header.HeaderWriterFilter@682e2eac, org.springframework.security.web.csrf.CsrfFilter@460c8a5b, org.springframework.security.web.authentication.logout.LogoutFilter@5d3ad894, org.springframework.security.web.authentication.UsernamePasswordAuthenticationFilter@24496bb9, org.springframework.security.web.authentication.ui.DefaultLoginPageGeneratingFilter@2e303325, org.springframework.security.web.authentication.ui.DefaultLogoutPageGeneratingFilter@4ffc5dd3, org.springframework.security.web.authentication.www.BasicAuthenticationFilter@11c30668, org.springframework.security.web.savedrequest.RequestCacheAwareFilter@6c062560, org.springframework.security.web.servletapi.SecurityContextHolderAwareRequestFilter@75c43d02, org.springframework.security.web.authentication.AnonymousAuthenticationFilter@4685f202, org.springframework.security.web.session.SessionManagementFilter@4ad23fa0, org.springframework.security.web.access.ExceptionTranslationFilter@68057bfb, org.springframework.security.web.access.intercept.FilterSecurityInterceptor@1a51160f]
2024-01-21 04:03:58.596  INFO 23124 --- [    Test worker] o.s.b.t.m.w.SpringBootMockServletContext : Initializing Spring TestDispatcherServlet ''
2024-01-21 04:03:58.596  INFO 23124 --- [    Test worker] o.s.t.web.servlet.TestDispatcherServlet  : Initializing Servlet ''
2024-01-21 04:03:58.604  INFO 23124 --- [    Test worker] o.s.t.web.servlet.TestDispatcherServlet  : Completed initialization in 8 ms
2024-01-21 04:03:58.619  INFO 23124 --- [    Test worker] c.j.b.s.web.HelloControllerTest          : Started HelloControllerTest in 0.567 seconds (JVM running for 5.475)
]]></system-out>
  <system-err><![CDATA[]]></system-err>
</testsuite>
